2024-12-05T09:21:11.065Z error: Error fetching projects: Project is not defined
2024-12-18T07:09:52.875Z error: MongooseServerSelectionError: Could not connect to any servers in your MongoDB Atlas cluster. One common reason is that you're trying to access the database from an IP that isn't whitelisted. Make sure your current IP address is on your Atlas cluster's IP whitelist: https://www.mongodb.com/docs/atlas/security-whitelist/
    at _handleConnectionErrors (/home/alej/DAW_Segundo/M12_Projecte/MICRO02/SmartHub/backend/node_modules/mongoose/lib/connection.js:909:11)
    at NativeConnection.openUri (/home/alej/DAW_Segundo/M12_Projecte/MICRO02/SmartHub/backend/node_modules/mongoose/lib/connection.js:860:11)
2024-12-18T10:31:51.041Z error: Error fetching project: Operation `Projects.findOne()` buffering timed out after 10000ms
2024-12-18T10:31:51.046Z error: Error fetching project: Operation `Projects.findOne()` buffering timed out after 10000ms
2024-12-18T10:32:00.861Z error: MongooseServerSelectionError: Could not connect to any servers in your MongoDB Atlas cluster. One common reason is that you're trying to access the database from an IP that isn't whitelisted. Make sure your current IP address is on your Atlas cluster's IP whitelist: https://www.mongodb.com/docs/atlas/security-whitelist/
    at _handleConnectionErrors (/home/alej/DAW_Segundo/M12_Projecte/MICRO02/SmartHub/backend/node_modules/mongoose/lib/connection.js:909:11)
    at NativeConnection.openUri (/home/alej/DAW_Segundo/M12_Projecte/MICRO02/SmartHub/backend/node_modules/mongoose/lib/connection.js:860:11)
2024-12-18T10:32:18.070Z error: Error fetching project: Operation `Projects.findOne()` buffering timed out after 10000ms
2024-12-18T10:32:18.071Z error: Error fetching project: Operation `Projects.findOne()` buffering timed out after 10000ms
2024-12-18T10:32:44.671Z error: Error fetching project: Operation `Projects.findOne()` buffering timed out after 10000ms
2024-12-18T10:32:44.674Z error: Error fetching project: Operation `Projects.findOne()` buffering timed out after 10000ms
2024-12-18T10:32:49.784Z error: Error fetching project: Operation `Projects.findOne()` buffering timed out after 10000ms
2024-12-18T10:32:49.788Z error: Error fetching project: Operation `Projects.findOne()` buffering timed out after 10000ms
2024-12-18T10:33:24.481Z error: Error fetching project: Operation `Projects.findOne()` buffering timed out after 10000ms
2024-12-18T10:33:24.486Z error: Error fetching project: Operation `Projects.findOne()` buffering timed out after 10000ms
2024-12-18T10:33:24.487Z error: Error fetching project: Operation `Projects.findOne()` buffering timed out after 10000ms
2024-12-18T10:33:24.488Z error: Error fetching project: Operation `Projects.findOne()` buffering timed out after 10000ms
2024-12-18T10:33:31.585Z error: MongooseServerSelectionError: Could not connect to any servers in your MongoDB Atlas cluster. One common reason is that you're trying to access the database from an IP that isn't whitelisted. Make sure your current IP address is on your Atlas cluster's IP whitelist: https://www.mongodb.com/docs/atlas/security-whitelist/
    at _handleConnectionErrors (/home/alej/DAW_Segundo/M12_Projecte/MICRO02/SmartHub/backend/node_modules/mongoose/lib/connection.js:909:11)
    at NativeConnection.openUri (/home/alej/DAW_Segundo/M12_Projecte/MICRO02/SmartHub/backend/node_modules/mongoose/lib/connection.js:860:11)
2024-12-18T10:34:12.829Z error: Error fetching project: Operation `Projects.findOne()` buffering timed out after 10000ms
2024-12-18T10:34:12.829Z error: Error fetching project: Operation `Projects.findOne()` buffering timed out after 10000ms
2024-12-18T10:34:12.830Z error: Error fetching project: Operation `Projects.findOne()` buffering timed out after 10000ms
2024-12-18T10:34:12.830Z error: Error fetching project: Operation `Projects.findOne()` buffering timed out after 10000ms
2024-12-18T10:38:32.357Z error: Error fetching project: Operation `Projects.findOne()` buffering timed out after 10000ms
2024-12-18T10:38:32.359Z error: Error fetching project: Operation `Projects.findOne()` buffering timed out after 10000ms
2024-12-18T07:08:57.539Z error: MongooseServerSelectionError: Could not connect to any servers in your MongoDB Atlas cluster. One common reason is that you're trying to access the database from an IP that isn't whitelisted. Make sure your current IP address is on your Atlas cluster's IP whitelist: https://www.mongodb.com/docs/atlas/security-whitelist/
    at _handleConnectionErrors (C:\Users\marcg\Desktop\DAW2\Proyecto\SmartHub\backend\node_modules\mongoose\lib\connection.js:909:11)
    at NativeConnection.openUri (C:\Users\marcg\Desktop\DAW2\Proyecto\SmartHub\backend\node_modules\mongoose\lib\connection.js:860:11)
2025-01-07T20:04:21.538Z error: Error: querySrv ESERVFAIL _mongodb._tcp.cluster0.sdv23.mongodb.net
    at QueryReqWrap.onresolve [as oncomplete] (node:internal/dns/promises:275:17)
2025-01-08T10:58:06.518Z error: Error fetching project: read ECONNRESET
2025-01-08T10:58:06.521Z error: Error fetching project: read ECONNRESET
2025-01-09T10:38:45.537Z error: MongooseServerSelectionError: Could not connect to any servers in your MongoDB Atlas cluster. One common reason is that you're trying to access the database from an IP that isn't whitelisted. Make sure your current IP address is on your Atlas cluster's IP whitelist: https://www.mongodb.com/docs/atlas/security-whitelist/
    at _handleConnectionErrors (C:\Users\marcg\Desktop\DAW2\Proyecto\SmartHub\backend\node_modules\mongoose\lib\connection.js:909:11)
    at NativeConnection.openUri (C:\Users\marcg\Desktop\DAW2\Proyecto\SmartHub\backend\node_modules\mongoose\lib\connection.js:860:11)
